# JRE version: Java(TM) SE Runtime Environment (8.0_231-b11) (build 1.8.0_231-b11)
# Java VM: Java HotSpot(TM) 64-Bit Server VM (25.231-b11 mixed mode windows-amd64 compressed oops)
Heap:
 PSYoungGen      total 76288K, used 37848K [0x00000000f5580000, 0x00000000fd680000, 0x0000000100000000)
  eden space 65536K, 47% used [0x00000000f5580000,0x00000000f739a868,0x00000000f9580000)
  from space 10752K, 65% used [0x00000000f9580000,0x00000000f9c5b8d8,0x00000000fa000000)
  to   space 12288K, 0% used [0x00000000fca80000,0x00000000fca80000,0x00000000fd680000)
 ParOldGen       total 175104K, used 6978K [0x00000000e0000000, 0x00000000eab00000, 0x00000000f5580000)
  object space 175104K, 3% used [0x00000000e0000000,0x00000000e06d0800,0x00000000eab00000)
 Metaspace       used 32392K, capacity 33176K, committed 33536K, reserved 1079296K
  class space    used 4319K, capacity 4543K, committed 4608K, reserved 1048576K
GC Heap History (10 events):
Event: 1.840 GC heap before
{Heap before GC invocations=2 (full 0):
 PSYoungGen      total 76288K, used 71400K [0x00000000f5580000, 0x00000000faa80000, 0x0000000100000000)
  eden space 65536K, 100% used [0x00000000f5580000,0x00000000f9580000,0x00000000f9580000)
  from space 10752K, 54% used [0x00000000f9580000,0x00000000f9b3a148,0x00000000fa000000)
  to   space 10752K, 0% used [0x00000000fa000000,0x00000000fa000000,0x00000000faa80000)
 ParOldGen       total 175104K, used 39K [0x00000000e0000000, 0x00000000eab00000, 0x00000000f5580000)
  object space 175104K, 0% used [0x00000000e0000000,0x00000000e0009c40,0x00000000eab00000)
 Metaspace       used 14973K, capacity 15354K, committed 15488K, reserved 1062912K
  class space    used 2026K, capacity 2155K, committed 2176K, reserved 1048576K
Event: 1.848 GC heap after
Heap after GC invocations=2 (full 0):
 PSYoungGen      total 76288K, used 9226K [0x00000000f5580000, 0x00000000faa80000, 0x0000000100000000)
  eden space 65536K, 0% used [0x00000000f5580000,0x00000000f5580000,0x00000000f9580000)
  from space 10752K, 85% used [0x00000000fa000000,0x00000000fa902a20,0x00000000faa80000)
  to   space 10752K, 0% used [0x00000000f9580000,0x00000000f9580000,0x00000000fa000000)
 ParOldGen       total 175104K, used 47K [0x00000000e0000000, 0x00000000eab00000, 0x00000000f5580000)
  object space 175104K, 0% used [0x00000000e0000000,0x00000000e000bc40,0x00000000eab00000)
 Metaspace       used 14973K, capacity 15354K, committed 15488K, reserved 1062912K
  class space    used 2026K, capacity 2155K, committed 2176K, reserved 1048576K
}
Event: 2.568 GC heap before
{Heap before GC invocations=3 (full 0):
 PSYoungGen      total 76288K, used 74762K [0x00000000f5580000, 0x00000000faa80000, 0x0000000100000000)
  eden space 65536K, 100% used [0x00000000f5580000,0x00000000f9580000,0x00000000f9580000)
  from space 10752K, 85% used [0x00000000fa000000,0x00000000fa902a20,0x00000000faa80000)
  to   space 10752K, 0% used [0x00000000f9580000,0x00000000f9580000,0x00000000fa000000)
 ParOldGen       total 175104K, used 47K [0x00000000e0000000, 0x00000000eab00000, 0x00000000f5580000)
  object space 175104K, 0% used [0x00000000e0000000,0x00000000e000bc40,0x00000000eab00000)
 Metaspace       used 20267K, capacity 20812K, committed 21120K, reserved 1067008K
  class space    used 2913K, capacity 3108K, committed 3200K, reserved 1048576K
Event: 2.578 GC heap after
Heap after GC invocations=3 (full 0):
 PSYoungGen      total 76288K, used 10738K [0x00000000f5580000, 0x00000000faa80000, 0x0000000100000000)
  eden space 65536K, 0% used [0x00000000f5580000,0x00000000f5580000,0x00000000f9580000)
  from space 10752K, 99% used [0x00000000f9580000,0x00000000f9ffc850,0x00000000fa000000)
  to   space 10752K, 0% used [0x00000000fa000000,0x00000000fa000000,0x00000000faa80000)
 ParOldGen       total 175104K, used 895K [0x00000000e0000000, 0x00000000eab00000, 0x00000000f5580000)
  object space 175104K, 0% used [0x00000000e0000000,0x00000000e00dfeb8,0x00000000eab00000)
 Metaspace       used 20267K, capacity 20812K, committed 21120K, reserved 1067008K
  class space    used 2913K, capacity 3108K, committed 3200K, reserved 1048576K
}
Event: 2.621 GC heap before
{Heap before GC invocations=4 (full 0):
 PSYoungGen      total 76288K, used 16129K [0x00000000f5580000, 0x00000000faa80000, 0x0000000100000000)
  eden space 65536K, 8% used [0x00000000f5580000,0x00000000f5ac3cb0,0x00000000f9580000)
  from space 10752K, 99% used [0x00000000f9580000,0x00000000f9ffc850,0x00000000fa000000)
  to   space 10752K, 0% used [0x00000000fa000000,0x00000000fa000000,0x00000000faa80000)
 ParOldGen       total 175104K, used 895K [0x00000000e0000000, 0x00000000eab00000, 0x00000000f5580000)
  object space 175104K, 0% used [0x00000000e0000000,0x00000000e00dfeb8,0x00000000eab00000)
 Metaspace       used 20600K, capacity 21196K, committed 21296K, reserved 1067008K
  class space    used 2964K, capacity 3172K, committed 3200K, reserved 1048576K
Event: 2.632 GC heap after
Heap after GC invocations=4 (full 0):
 PSYoungGen      total 76288K, used 7084K [0x00000000f5580000, 0x00000000fea80000, 0x0000000100000000)
  eden space 65536K, 0% used [0x00000000f5580000,0x00000000f5580000,0x00000000f9580000)
  from space 10752K, 65% used [0x00000000fa000000,0x00000000fa6eb000,0x00000000faa80000)
  to   space 10752K, 0% used [0x00000000f9580000,0x00000000f9580000,0x00000000fa000000)
 ParOldGen       total 175104K, used 903K [0x00000000e0000000, 0x00000000eab00000, 0x00000000f5580000)
  object space 175104K, 0% used [0x00000000e0000000,0x00000000e00e1eb8,0x00000000eab00000)
 Metaspace       used 20600K, capacity 21196K, committed 21296K, reserved 1067008K
  class space    used 2964K, capacity 3172K, committed 3200K, reserved 1048576K
}
Event: 2.632 GC heap before
{Heap before GC invocations=5 (full 1):
 PSYoungGen      total 76288K, used 7084K [0x00000000f5580000, 0x00000000fea80000, 0x0000000100000000)
  eden space 65536K, 0% used [0x00000000f5580000,0x00000000f5580000,0x00000000f9580000)
  from space 10752K, 65% used [0x00000000fa000000,0x00000000fa6eb000,0x00000000faa80000)
  to   space 10752K, 0% used [0x00000000f9580000,0x00000000f9580000,0x00000000fa000000)
 ParOldGen       total 175104K, used 903K [0x00000000e0000000, 0x00000000eab00000, 0x00000000f5580000)
  object space 175104K, 0% used [0x00000000e0000000,0x00000000e00e1eb8,0x00000000eab00000)
 Metaspace       used 20600K, capacity 21196K, committed 21296K, reserved 1067008K
  class space    used 2964K, capacity 3172K, committed 3200K, reserved 1048576K
Event: 2.677 GC heap after
Heap after GC invocations=5 (full 1):
 PSYoungGen      total 76288K, used 0K [0x00000000f5580000, 0x00000000fea80000, 0x0000000100000000)
  eden space 65536K, 0% used [0x00000000f5580000,0x00000000f5580000,0x00000000f9580000)
  from space 10752K, 0% used [0x00000000fa000000,0x00000000fa000000,0x00000000faa80000)
  to   space 10752K, 0% used [0x00000000f9580000,0x00000000f9580000,0x00000000fa000000)
 ParOldGen       total 175104K, used 6970K [0x00000000e0000000, 0x00000000eab00000, 0x00000000f5580000)
  object space 175104K, 3% used [0x00000000e0000000,0x00000000e06ce800,0x00000000eab00000)
 Metaspace       used 20600K, capacity 21196K, committed 21296K, reserved 1067008K
  class space    used 2964K, capacity 3172K, committed 3200K, reserved 1048576K
}
Event: 3.416 GC heap before
{Heap before GC invocations=6 (full 1):
 PSYoungGen      total 76288K, used 65536K [0x00000000f5580000, 0x00000000fea80000, 0x0000000100000000)
  eden space 65536K, 100% used [0x00000000f5580000,0x00000000f9580000,0x00000000f9580000)
  from space 10752K, 0% used [0x00000000fa000000,0x00000000fa000000,0x00000000faa80000)
  to   space 10752K, 0% used [0x00000000f9580000,0x00000000f9580000,0x00000000fa000000)
 ParOldGen       total 175104K, used 6970K [0x00000000e0000000, 0x00000000eab00000, 0x00000000f5580000)
  object space 175104K, 3% used [0x00000000e0000000,0x00000000e06ce800,0x00000000eab00000)
 Metaspace       used 26775K, capacity 27488K, committed 27648K, reserved 1073152K
  class space    used 3793K, capacity 4018K, committed 4096K, reserved 1048576K
Event: 3.420 GC heap after
Heap after GC invocations=6 (full 1):
 PSYoungGen      total 76288K, used 7022K [0x00000000f5580000, 0x00000000fd680000, 0x0000000100000000)
  eden space 65536K, 0% used [0x00000000f5580000,0x00000000f5580000,0x00000000f9580000)
  from space 10752K, 65% used [0x00000000f9580000,0x00000000f9c5b8d8,0x00000000fa000000)
  to   space 12288K, 0% used [0x00000000fca80000,0x00000000fca80000,0x00000000fd680000)
 ParOldGen       total 175104K, used 6978K [0x00000000e0000000, 0x00000000eab00000, 0x00000000f5580000)
  object space 175104K, 3% used [0x00000000e0000000,0x00000000e06d0800,0x00000000eab00000)
 Metaspace       used 26775K, capacity 27488K, committed 27648K, reserved 1073152K
  class space    used 3793K, capacity 4018K, committed 4096K, reserved 1048576K
}

